

Started GET "/" for 127.0.0.1 at 2012-11-04 13:53:43 -0500
Connecting to database specified by database.yml
Processing by PreorderController#index as HTML
  Rendered preorder/homepage/_value_proposition.html.erb (0.3ms)
  Rendered preorder/homepage/_stats.html.erb (118.2ms)
  Rendered preorder/homepage/_show_dont_tell.html.erb (120.0ms)
  Rendered preorder/index.html.erb within layouts/application (140.1ms)
Completed 500 Internal Server Error in 200ms

ActionView::Template::Error (Could not find table 'orders'):
    6:   <div id="backing">
    7:     <ul>
    8:       <li class="stats" id="backers">
    9:         <%= number_with_delimiter Order.current, :delimiter => "," %>
    10:         <span><%= Settings.primary_stat %></span>
    11:       </li>
    12:       <li class="stats">
  app/models/order.rb:59:in `current'
  app/views/preorder/homepage/_stats.html.erb:9:in `_app_views_preorder_homepage__stats_html_erb___3637924724763607903_70163932339800'
  app/views/preorder/homepage/_show_dont_tell.html.erb:3:in `_app_views_preorder_homepage__show_dont_tell_html_erb___326375984831739977_70163932562560'
  app/views/preorder/index.html.erb:1:in `_app_views_preorder_index_html_erb___2665650136621650243_70163941488080'


  Rendered /Users/dduran/.rvm/gems/ruby-1.9.2-p290/gems/actionpack-3.2.8/lib/action_dispatch/middleware/templates/rescues/_trace.erb (1.2ms)
  Rendered /Users/dduran/.rvm/gems/ruby-1.9.2-p290/gems/actionpack-3.2.8/lib/action_dispatch/middleware/templates/rescues/_request_and_response.erb (0.8ms)
  Rendered /Users/dduran/.rvm/gems/ruby-1.9.2-p290/gems/actionpack-3.2.8/lib/action_dispatch/middleware/templates/rescues/template_error.erb within rescues/layout (9.2ms)
Connecting to database specified by database.yml
  [1m[36m (0.1ms)[0m  [1mselect sqlite_version(*)[0m
  [1m[35m (1.5ms)[0m  CREATE TABLE "schema_migrations" ("version" varchar(255) NOT NULL) 
  [1m[36m (0.0ms)[0m  [1mPRAGMA index_list("schema_migrations")[0m
  [1m[35m (1.1ms)[0m  CREATE UNIQUE INDEX "unique_schema_migrations" ON "schema_migrations" ("version")
  [1m[36m (0.1ms)[0m  [1mSELECT "schema_migrations"."version" FROM "schema_migrations" [0m
Migrating to CreateUsers (20121004072615)
  [1m[35m (0.0ms)[0m  begin transaction
  [1m[36m (0.3ms)[0m  [1mCREATE TABLE "users" ("id" INTEGER PRIMARY KEY AUTOINCREMENT NOT NULL, "email" varchar(255), "created_at" datetime NOT NULL, "updated_at" datetime NOT NULL) [0m
  [1m[35m (0.1ms)[0m  INSERT INTO "schema_migrations" ("version") VALUES ('20121004072615')
  [1m[36m (1.3ms)[0m  [1mcommit transaction[0m
Migrating to CreateOrders (20121004072706)
  [1m[35m (0.0ms)[0m  begin transaction
  [1m[36m (0.3ms)[0m  [1mCREATE TABLE "orders" ("token" varchar(255), "transaction_id" varchar(255), "address_one" varchar(255), "address_two" varchar(255), "city" varchar(255), "state" varchar(255), "zip" varchar(255), "country" varchar(255), "status" varchar(255), "number" varchar(255), "uuid" varchar(255), "user_id" varchar(255), "price" decimal, "shipping" decimal, "tracking_number" varchar(255), "phone" varchar(255), "name" varchar(255), "expiration" date, "created_at" datetime NOT NULL, "updated_at" datetime NOT NULL) [0m
  [1m[35m (0.1ms)[0m  INSERT INTO "schema_migrations" ("version") VALUES ('20121004072706')
  [1m[36m (1.0ms)[0m  [1mcommit transaction[0m
  [1m[35m (0.2ms)[0m  select sqlite_version(*)
  [1m[36m (0.1ms)[0m  [1mSELECT "schema_migrations"."version" FROM "schema_migrations" [0m
  [1m[35m (0.0ms)[0m  PRAGMA index_list("orders")
  [1m[36m (0.0ms)[0m  [1mPRAGMA index_list("users")[0m


Started GET "/" for 127.0.0.1 at 2012-11-04 13:55:38 -0500
Connecting to database specified by database.yml
Processing by PreorderController#index as HTML
  Rendered preorder/homepage/_value_proposition.html.erb (0.2ms)
  [1m[36m (0.1ms)[0m  [1mSELECT COUNT(*) FROM "orders" WHERE (token != '' OR token != NULL)[0m
  [1m[35mCACHE (0.0ms)[0m  SELECT COUNT(*) FROM "orders" WHERE (token != '' OR token != NULL)
  [1m[36mCACHE (0.0ms)[0m  [1mSELECT COUNT(*) FROM "orders" WHERE (token != '' OR token != NULL)[0m
  [1m[35mCACHE (0.0ms)[0m  SELECT COUNT(*) FROM "orders" WHERE (token != '' OR token != NULL)
  Rendered preorder/homepage/_stats.html.erb (101.4ms)
  Rendered preorder/homepage/_show_dont_tell.html.erb (103.0ms)
  Rendered preorder/homepage/_key_points.html.erb (0.3ms)
  Rendered preorder/homepage/_other_points.html.erb (0.3ms)
  Rendered preorder/homepage/_middle_reserve.html.erb (0.3ms)
  Rendered preorder/homepage/_faqs.html.erb (0.3ms)
  Rendered preorder/homepage/_press.html.erb (0.2ms)
  Rendered preorder/index.html.erb within layouts/application (124.6ms)
Compiled reset.css  (0ms)  (pid 35563)
Compiled main.css  (236ms)  (pid 35563)
Compiled application.css  (272ms)  (pid 35563)
Compiled jquery.js  (3ms)  (pid 35563)
Compiled jquery_ujs.js  (0ms)  (pid 35563)
Compiled jquery-ui.js  (3ms)  (pid 35563)
Compiled jquery.details.js  (0ms)  (pid 35563)
Compiled jquery.textchange.js  (0ms)  (pid 35563)
Compiled preorder.js  (71ms)  (pid 35563)
Compiled application.js  (176ms)  (pid 35563)
  Rendered preorder/_header.html.erb (0.6ms)
  Rendered preorder/_copyright.html.erb (0.3ms)
  Rendered preorder/_google_analytics.html.erb (0.3ms)
  Rendered preorder/_footer.html.erb (2.5ms)
Completed 200 OK in 681ms (Views: 672.3ms | ActiveRecord: 7.0ms)


Started GET "/assets/application.css?body=1" for 127.0.0.1 at 2012-11-04 13:55:40 -0500
Served asset /application.css - 200 OK (12ms)


Started GET "/assets/reset.css?body=1" for 127.0.0.1 at 2012-11-04 13:55:40 -0500
Served asset /reset.css - 200 OK (1ms)


Started GET "/assets/main.css?body=1" for 127.0.0.1 at 2012-11-04 13:55:40 -0500
Served asset /main.css - 200 OK (3ms)


Started GET "/assets/jquery-ui.js?body=1" for 127.0.0.1 at 2012-11-04 13:55:40 -0500
Served asset /jquery-ui.js - 200 OK (2ms)


Started GET "/assets/jquery.details.js?body=1" for 127.0.0.1 at 2012-11-04 13:55:40 -0500
Served asset /jquery.details.js - 200 OK (3ms)


Started GET "/assets/jquery.textchange.js?body=1" for 127.0.0.1 at 2012-11-04 13:55:40 -0500
Served asset /jquery.textchange.js - 200 OK (2ms)


Started GET "/assets/preorder.js?body=1" for 127.0.0.1 at 2012-11-04 13:55:40 -0500
Served asset /preorder.js - 200 OK (27ms)


Started GET "/assets/application.js?body=1" for 127.0.0.1 at 2012-11-04 13:55:40 -0500
Served asset /application.js - 200 OK (7ms)


Started GET "/assets/jquery.js?body=1" for 127.0.0.1 at 2012-11-04 13:55:40 -0500
Served asset /jquery.js - 304 Not Modified (3ms)


Started GET "/assets/jquery_ujs.js?body=1" for 127.0.0.1 at 2012-11-04 13:55:40 -0500
Served asset /jquery_ujs.js - 304 Not Modified (2ms)


Started GET "/assets/1-background.png" for 127.0.0.1 at 2012-11-04 13:55:40 -0500
Served asset /1-background.png - 200 OK (6ms)


Started GET "/assets/2-background.png" for 127.0.0.1 at 2012-11-04 13:55:40 -0500
Served asset /2-background.png - 200 OK (6ms)


Started GET "/assets/4-background.png" for 127.0.0.1 at 2012-11-04 13:55:40 -0500
Served asset /4-background.png - 200 OK (6ms)


Started GET "/assets/3-background.png" for 127.0.0.1 at 2012-11-04 13:55:40 -0500
Served asset /3-background.png - 200 OK (5ms)


Started GET "/assets/" for 127.0.0.1 at 2012-11-04 13:55:40 -0500
Served asset / - 404 Not Found (3ms)

ActionController::RoutingError (No route matches [GET] "/assets"):
  actionpack (3.2.8) lib/action_dispatch/middleware/debug_exceptions.rb:21:in `call'
  actionpack (3.2.8) lib/action_dispatch/middleware/show_exceptions.rb:56:in `call'
  railties (3.2.8) lib/rails/rack/logger.rb:26:in `call_app'
  railties (3.2.8) lib/rails/rack/logger.rb:16:in `call'
  actionpack (3.2.8) lib/action_dispatch/middleware/request_id.rb:22:in `call'
  rack (1.4.1) lib/rack/methodoverride.rb:21:in `call'
  rack (1.4.1) lib/rack/runtime.rb:17:in `call'
  activesupport (3.2.8) lib/active_support/cache/strategy/local_cache.rb:72:in `call'
  rack (1.4.1) lib/rack/lock.rb:15:in `call'
  actionpack (3.2.8) lib/action_dispatch/middleware/static.rb:62:in `call'
  railties (3.2.8) lib/rails/engine.rb:479:in `call'
  railties (3.2.8) lib/rails/application.rb:223:in `call'
  rack (1.4.1) lib/rack/content_length.rb:14:in `call'
  railties (3.2.8) lib/rails/rack/log_tailer.rb:17:in `call'
  rack (1.4.1) lib/rack/handler/webrick.rb:59:in `service'
  /Users/dduran/.rvm/rubies/ruby-1.9.2-p290/lib/ruby/1.9.1/webrick/httpserver.rb:111:in `service'
  /Users/dduran/.rvm/rubies/ruby-1.9.2-p290/lib/ruby/1.9.1/webrick/httpserver.rb:70:in `run'
  /Users/dduran/.rvm/rubies/ruby-1.9.2-p290/lib/ruby/1.9.1/webrick/server.rb:183:in `block in start_thread'


  Rendered /Users/dduran/.rvm/gems/ruby-1.9.2-p290/gems/actionpack-3.2.8/lib/action_dispatch/middleware/templates/rescues/routing_error.erb within rescues/layout (0.5ms)


Started GET "/assets/bullet.png" for 127.0.0.1 at 2012-11-04 13:55:40 -0500
Served asset /bullet.png - 200 OK (6ms)


Started GET "/preorder/checkout" for 127.0.0.1 at 2012-11-04 13:56:08 -0500
Processing by PreorderController#checkout as HTML
  Rendered preorder/checkout/_sidebar.html.erb (0.2ms)
  Rendered preorder/checkout.html.erb within layouts/application (2.1ms)
  Rendered preorder/_header.html.erb (0.0ms)
  Rendered preorder/_copyright.html.erb (0.0ms)
  Rendered preorder/_google_analytics.html.erb (0.0ms)
  Rendered preorder/_footer.html.erb (0.9ms)
Completed 200 OK in 12ms (Views: 9.8ms | ActiveRecord: 0.0ms)


Started GET "/assets/application.css?body=1" for 127.0.0.1 at 2012-11-04 13:56:08 -0500
Served asset /application.css - 304 Not Modified (1ms)


Started GET "/assets/jquery.js?body=1" for 127.0.0.1 at 2012-11-04 13:56:08 -0500
Served asset /jquery.js - 304 Not Modified (0ms)


Started GET "/assets/reset.css?body=1" for 127.0.0.1 at 2012-11-04 13:56:08 -0500
Served asset /reset.css - 304 Not Modified (0ms)


Started GET "/assets/main.css?body=1" for 127.0.0.1 at 2012-11-04 13:56:08 -0500
Served asset /main.css - 304 Not Modified (0ms)


Started GET "/assets/jquery_ujs.js?body=1" for 127.0.0.1 at 2012-11-04 13:56:08 -0500
Served asset /jquery_ujs.js - 304 Not Modified (0ms)


Started GET "/assets/jquery-ui.js?body=1" for 127.0.0.1 at 2012-11-04 13:56:08 -0500
Served asset /jquery-ui.js - 304 Not Modified (0ms)


Started GET "/assets/jquery.details.js?body=1" for 127.0.0.1 at 2012-11-04 13:56:08 -0500
Served asset /jquery.details.js - 304 Not Modified (0ms)


Started GET "/assets/jquery.textchange.js?body=1" for 127.0.0.1 at 2012-11-04 13:56:08 -0500
Served asset /jquery.textchange.js - 304 Not Modified (0ms)


Started GET "/assets/preorder.js?body=1" for 127.0.0.1 at 2012-11-04 13:56:08 -0500
Served asset /preorder.js - 304 Not Modified (0ms)


Started GET "/assets/application.js?body=1" for 127.0.0.1 at 2012-11-04 13:56:08 -0500
Served asset /application.js - 304 Not Modified (0ms)


Started POST "/preorder/prefill" for 127.0.0.1 at 2012-11-04 13:56:17 -0500
Processing by PreorderController#prefill as HTML
  Parameters: {"utf8"=>"✓", "authenticity_token"=>"6lK64u1yM8JBOQNJCeiID8wU6CPjcirR82eWUyyLfBo=", "email"=>"test@test.com", "preorder"=>"true", "quantity"=>"", "commit"=>"Checkout"}
  [1m[36mUser Load (0.1ms)[0m  [1mSELECT "users".* FROM "users" WHERE "users"."email" = 'test@test.com' LIMIT 1[0m
  [1m[35m (0.0ms)[0m  begin transaction
  [1m[36mSQL (5.1ms)[0m  [1mINSERT INTO "users" ("created_at", "email", "updated_at") VALUES (?, ?, ?)[0m  [["created_at", Sun, 04 Nov 2012 10:56:17 PST -08:00], ["email", "test@test.com"], ["updated_at", Sun, 04 Nov 2012 10:56:17 PST -08:00]]
  [1m[35m (1.2ms)[0m  commit transaction
  [1m[36m (0.1ms)[0m  [1mSELECT COUNT(*) FROM "orders" [0m
  [1m[35m (0.0ms)[0m  begin transaction
Binary data inserted for `string` type on column `uuid`
  [1m[36mSQL (0.6ms)[0m  [1mINSERT INTO "orders" ("address_one", "address_two", "city", "country", "created_at", "expiration", "name", "number", "phone", "price", "shipping", "state", "status", "token", "tracking_number", "transaction_id", "updated_at", "user_id", "uuid", "zip") VALUES (?, ?, ?, ?, ?, ?, ?, ?, ?, ?, ?, ?, ?, ?, ?, ?, ?, ?, ?, ?)[0m  [["address_one", nil], ["address_two", nil], ["city", nil], ["country", nil], ["created_at", Sun, 04 Nov 2012 10:56:17 PST -08:00], ["expiration", nil], ["name", "Selfstarter"], ["number", 1], ["phone", nil], ["price", #<BigDecimal:7f8ee4c868b8,'0.1995E2',18(18)>], ["shipping", nil], ["state", nil], ["status", nil], ["token", nil], ["tracking_number", nil], ["transaction_id", nil], ["updated_at", Sun, 04 Nov 2012 10:56:17 PST -08:00], ["user_id", 1], ["uuid", "1239a0702a3badaa51b7f14501509113"], ["zip", nil]]
  [1m[35m (1.2ms)[0m  commit transaction
Redirected to https://authorize.payments-sandbox.amazon.com/cobranded-ui/actions/start?callerKey=YOUR_AMAZON_ACCESS_KEY&callerReference=1239a0702a3badaa51b7f14501509113&collectShippingAddress=True&globalAmountLimit=25.0&paymentReason=You%20really%20should%20change%20this%20text%20because%20people%20will%20see%20it%20on%20Amazon%27s%20order%20page%21%21%21%21%21&pipelineName=MultiUse&returnURL=http%3A%2F%2Flocalhost%2Fpreorder%2Fpostfill&signature=RJ0muMtoGl5BSiDSUPBr70pAwS114CXelY64uDla5i0%3D&signatureMethod=HmacSHA256&signatureVersion=2&transactionAmount=19.95&version=2009-01-09
Completed 302 Found in 53ms (ActiveRecord: 8.7ms)


Started GET "/" for 127.0.0.1 at 2012-11-04 14:48:22 -0500
Connecting to database specified by database.yml
Processing by PreorderController#index as HTML
  Rendered preorder/homepage/_value_proposition.html.erb (0.2ms)
  [1m[36m (0.1ms)[0m  [1mSELECT COUNT(*) FROM "orders" WHERE (token != '' OR token != NULL)[0m
  [1m[35mCACHE (0.0ms)[0m  SELECT COUNT(*) FROM "orders" WHERE (token != '' OR token != NULL)
  [1m[36mCACHE (0.0ms)[0m  [1mSELECT COUNT(*) FROM "orders" WHERE (token != '' OR token != NULL)[0m
  [1m[35mCACHE (0.0ms)[0m  SELECT COUNT(*) FROM "orders" WHERE (token != '' OR token != NULL)
  Rendered preorder/homepage/_stats.html.erb (100.5ms)
  Rendered preorder/homepage/_show_dont_tell.html.erb (103.0ms)
  Rendered preorder/homepage/_key_points.html.erb (0.4ms)
  Rendered preorder/homepage/_other_points.html.erb (0.2ms)
  Rendered preorder/homepage/_middle_reserve.html.erb (0.3ms)
  Rendered preorder/homepage/_faqs.html.erb (0.4ms)
  Rendered preorder/homepage/_press.html.erb (0.2ms)
  Rendered preorder/index.html.erb within layouts/application (127.4ms)
  Rendered preorder/_header.html.erb (0.4ms)
  Rendered preorder/_copyright.html.erb (0.2ms)
  Rendered preorder/_google_analytics.html.erb (0.3ms)
  Rendered preorder/_footer.html.erb (2.2ms)
Completed 200 OK in 239ms (Views: 228.9ms | ActiveRecord: 7.5ms)


Started GET "/assets/application.css?body=1" for 127.0.0.1 at 2012-11-04 14:48:23 -0500
Served asset /application.css - 304 Not Modified (9ms)


Started GET "/assets/reset.css?body=1" for 127.0.0.1 at 2012-11-04 14:48:23 -0500
Served asset /reset.css - 304 Not Modified (1ms)


Started GET "/assets/main.css?body=1" for 127.0.0.1 at 2012-11-04 14:48:23 -0500
Served asset /main.css - 304 Not Modified (3ms)


Started GET "/assets/2-background.png" for 127.0.0.1 at 2012-11-04 14:48:24 -0500
Served asset /2-background.png - 304 Not Modified (1ms)


Started GET "/assets/1-background.png" for 127.0.0.1 at 2012-11-04 14:48:24 -0500
Served asset /1-background.png - 304 Not Modified (3ms)


Started GET "/assets/3-background.png" for 127.0.0.1 at 2012-11-04 14:48:24 -0500
Served asset /3-background.png - 304 Not Modified (1ms)


Started GET "/assets/4-background.png" for 127.0.0.1 at 2012-11-04 14:48:24 -0500
Served asset /4-background.png - 304 Not Modified (1ms)


Started GET "/assets/bullet.png" for 127.0.0.1 at 2012-11-04 14:48:24 -0500
Served asset /bullet.png - 304 Not Modified (1ms)


Started GET "/" for 127.0.0.1 at 2012-11-04 14:49:53 -0500
Connecting to database specified by database.yml
Processing by PreorderController#index as HTML
  Rendered preorder/homepage/_value_proposition.html.erb (0.2ms)
  [1m[36m (0.1ms)[0m  [1mSELECT COUNT(*) FROM "orders" WHERE (token != '' OR token != NULL)[0m
  [1m[35mCACHE (0.0ms)[0m  SELECT COUNT(*) FROM "orders" WHERE (token != '' OR token != NULL)
  [1m[36mCACHE (0.0ms)[0m  [1mSELECT COUNT(*) FROM "orders" WHERE (token != '' OR token != NULL)[0m
  [1m[35mCACHE (0.0ms)[0m  SELECT COUNT(*) FROM "orders" WHERE (token != '' OR token != NULL)
  Rendered preorder/homepage/_stats.html.erb (95.4ms)
  Rendered preorder/homepage/_show_dont_tell.html.erb (96.9ms)
  Rendered preorder/homepage/_key_points.html.erb (0.3ms)
  Rendered preorder/homepage/_other_points.html.erb (0.2ms)
  Rendered preorder/homepage/_middle_reserve.html.erb (0.3ms)
  Rendered preorder/homepage/_faqs.html.erb (0.3ms)
  Rendered preorder/homepage/_press.html.erb (0.2ms)
  Rendered preorder/index.html.erb within layouts/application (117.5ms)
  Rendered preorder/_header.html.erb (0.3ms)
  Rendered preorder/_copyright.html.erb (0.2ms)
  Rendered preorder/_google_analytics.html.erb (0.3ms)
  Rendered preorder/_footer.html.erb (1.6ms)
Completed 200 OK in 199ms (Views: 189.9ms | ActiveRecord: 6.7ms)


Started GET "/assets/application.css?body=1" for 127.0.0.1 at 2012-11-04 14:49:54 -0500
Served asset /application.css - 304 Not Modified (6ms)


Started GET "/assets/reset.css?body=1" for 127.0.0.1 at 2012-11-04 14:49:54 -0500
Served asset /reset.css - 304 Not Modified (1ms)


Started GET "/assets/main.css?body=1" for 127.0.0.1 at 2012-11-04 14:49:54 -0500
Served asset /main.css - 304 Not Modified (3ms)


Started GET "/assets/jquery.js?body=1" for 127.0.0.1 at 2012-11-04 14:49:54 -0500
Served asset /jquery.js - 304 Not Modified (3ms)


Started GET "/assets/jquery-ui.js?body=1" for 127.0.0.1 at 2012-11-04 14:49:54 -0500
Served asset /jquery-ui.js - 304 Not Modified (3ms)


Started GET "/assets/jquery_ujs.js?body=1" for 127.0.0.1 at 2012-11-04 14:49:54 -0500
Served asset /jquery_ujs.js - 304 Not Modified (2ms)


Started GET "/assets/jquery.details.js?body=1" for 127.0.0.1 at 2012-11-04 14:49:54 -0500
Served asset /jquery.details.js - 304 Not Modified (1ms)


Started GET "/assets/jquery.textchange.js?body=1" for 127.0.0.1 at 2012-11-04 14:49:54 -0500
Served asset /jquery.textchange.js - 304 Not Modified (31ms)


Started GET "/assets/preorder.js?body=1" for 127.0.0.1 at 2012-11-04 14:49:54 -0500
Served asset /preorder.js - 304 Not Modified (1ms)


Started GET "/assets/application.js?body=1" for 127.0.0.1 at 2012-11-04 14:49:54 -0500
Served asset /application.js - 304 Not Modified (7ms)


Started GET "/assets/2-background.png" for 127.0.0.1 at 2012-11-04 14:49:54 -0500
Served asset /2-background.png - 304 Not Modified (2ms)


Started GET "/assets/4-background.png" for 127.0.0.1 at 2012-11-04 14:49:54 -0500
Served asset /4-background.png - 304 Not Modified (1ms)


Started GET "/assets/3-background.png" for 127.0.0.1 at 2012-11-04 14:49:54 -0500
Served asset /3-background.png - 304 Not Modified (1ms)


Started GET "/assets/" for 127.0.0.1 at 2012-11-04 14:49:54 -0500
Served asset / - 404 Not Found (2ms)

ActionController::RoutingError (No route matches [GET] "/assets"):
  actionpack (3.2.8) lib/action_dispatch/middleware/debug_exceptions.rb:21:in `call'
  actionpack (3.2.8) lib/action_dispatch/middleware/show_exceptions.rb:56:in `call'
  railties (3.2.8) lib/rails/rack/logger.rb:26:in `call_app'
  railties (3.2.8) lib/rails/rack/logger.rb:16:in `call'
  actionpack (3.2.8) lib/action_dispatch/middleware/request_id.rb:22:in `call'
  rack (1.4.1) lib/rack/methodoverride.rb:21:in `call'
  rack (1.4.1) lib/rack/runtime.rb:17:in `call'
  activesupport (3.2.8) lib/active_support/cache/strategy/local_cache.rb:72:in `call'
  rack (1.4.1) lib/rack/lock.rb:15:in `call'
  actionpack (3.2.8) lib/action_dispatch/middleware/static.rb:62:in `call'
  railties (3.2.8) lib/rails/engine.rb:479:in `call'
  railties (3.2.8) lib/rails/application.rb:223:in `call'
  rack (1.4.1) lib/rack/content_length.rb:14:in `call'
  railties (3.2.8) lib/rails/rack/log_tailer.rb:17:in `call'
  rack (1.4.1) lib/rack/handler/webrick.rb:59:in `service'
  /Users/dduran/.rvm/rubies/ruby-1.9.2-p290/lib/ruby/1.9.1/webrick/httpserver.rb:111:in `service'
  /Users/dduran/.rvm/rubies/ruby-1.9.2-p290/lib/ruby/1.9.1/webrick/httpserver.rb:70:in `run'
  /Users/dduran/.rvm/rubies/ruby-1.9.2-p290/lib/ruby/1.9.1/webrick/server.rb:183:in `block in start_thread'


  Rendered /Users/dduran/.rvm/gems/ruby-1.9.2-p290/gems/actionpack-3.2.8/lib/action_dispatch/middleware/templates/rescues/routing_error.erb within rescues/layout (0.6ms)


Started GET "/assets/bullet.png" for 127.0.0.1 at 2012-11-04 14:49:54 -0500
Served asset /bullet.png - 304 Not Modified (1ms)


Started GET "/assets/1-background.png" for 127.0.0.1 at 2012-11-04 14:49:54 -0500
Served asset /1-background.png - 304 Not Modified (1ms)


Started GET "/" for 127.0.0.1 at 2012-11-04 14:54:52 -0500
Processing by PreorderController#index as HTML
  Rendered preorder/homepage/_value_proposition.html.erb (0.1ms)
  [1m[36m (0.1ms)[0m  [1mSELECT COUNT(*) FROM "orders" WHERE (token != '' OR token != NULL)[0m
  [1m[35mCACHE (0.0ms)[0m  SELECT COUNT(*) FROM "orders" WHERE (token != '' OR token != NULL)
  [1m[36mCACHE (0.0ms)[0m  [1mSELECT COUNT(*) FROM "orders" WHERE (token != '' OR token != NULL)[0m
  [1m[35mCACHE (0.0ms)[0m  SELECT COUNT(*) FROM "orders" WHERE (token != '' OR token != NULL)
  Rendered preorder/homepage/_stats.html.erb (2.4ms)
  Rendered preorder/homepage/_show_dont_tell.html.erb (3.4ms)
  Rendered preorder/homepage/_key_points.html.erb (0.0ms)
  Rendered preorder/homepage/_other_points.html.erb (0.0ms)
  Rendered preorder/homepage/_middle_reserve.html.erb (0.0ms)
  Rendered preorder/homepage/_faqs.html.erb (0.0ms)
  Rendered preorder/homepage/_press.html.erb (0.0ms)
  Rendered preorder/index.html.erb within layouts/application (6.0ms)
  Rendered preorder/_header.html.erb (0.0ms)
  Rendered preorder/_copyright.html.erb (0.0ms)
  Rendered preorder/_google_analytics.html.erb (0.0ms)
  Rendered preorder/_footer.html.erb (0.9ms)
Completed 200 OK in 15ms (Views: 13.3ms | ActiveRecord: 0.1ms)


Started GET "/assets/application.css?body=1" for 127.0.0.1 at 2012-11-04 14:54:52 -0500
Served asset /application.css - 304 Not Modified (0ms)


Started GET "/assets/reset.css?body=1" for 127.0.0.1 at 2012-11-04 14:54:52 -0500
Served asset /reset.css - 304 Not Modified (0ms)


Started GET "/assets/main.css?body=1" for 127.0.0.1 at 2012-11-04 14:54:52 -0500
Served asset /main.css - 304 Not Modified (0ms)


Started GET "/assets/jquery.js?body=1" for 127.0.0.1 at 2012-11-04 14:54:52 -0500
Served asset /jquery.js - 304 Not Modified (0ms)


Started GET "/assets/jquery_ujs.js?body=1" for 127.0.0.1 at 2012-11-04 14:54:52 -0500
Served asset /jquery_ujs.js - 304 Not Modified (0ms)


Started GET "/assets/jquery-ui.js?body=1" for 127.0.0.1 at 2012-11-04 14:54:52 -0500
Served asset /jquery-ui.js - 304 Not Modified (0ms)


Started GET "/assets/jquery.details.js?body=1" for 127.0.0.1 at 2012-11-04 14:54:52 -0500
Served asset /jquery.details.js - 304 Not Modified (0ms)


Started GET "/assets/jquery.textchange.js?body=1" for 127.0.0.1 at 2012-11-04 14:54:52 -0500
Served asset /jquery.textchange.js - 304 Not Modified (0ms)


Started GET "/assets/preorder.js?body=1" for 127.0.0.1 at 2012-11-04 14:54:52 -0500
Served asset /preorder.js - 304 Not Modified (0ms)


Started GET "/assets/application.js?body=1" for 127.0.0.1 at 2012-11-04 14:54:52 -0500
Served asset /application.js - 304 Not Modified (0ms)


Started GET "/assets/3-background.png" for 127.0.0.1 at 2012-11-04 14:54:52 -0500
Served asset /3-background.png - 304 Not Modified (0ms)


Started GET "/assets/1-background.png" for 127.0.0.1 at 2012-11-04 14:54:52 -0500
Served asset /1-background.png - 304 Not Modified (0ms)


Started GET "/assets/2-background.png" for 127.0.0.1 at 2012-11-04 14:54:52 -0500
Served asset /2-background.png - 304 Not Modified (0ms)


Started GET "/assets/4-background.png" for 127.0.0.1 at 2012-11-04 14:54:52 -0500
Served asset /4-background.png - 304 Not Modified (0ms)


Started GET "/assets/bullet.png" for 127.0.0.1 at 2012-11-04 14:54:52 -0500
Served asset /bullet.png - 304 Not Modified (0ms)


Started GET "/assets/" for 127.0.0.1 at 2012-11-04 14:54:52 -0500
Served asset / - 404 Not Found (2ms)

ActionController::RoutingError (No route matches [GET] "/assets"):
  actionpack (3.2.8) lib/action_dispatch/middleware/debug_exceptions.rb:21:in `call'
  actionpack (3.2.8) lib/action_dispatch/middleware/show_exceptions.rb:56:in `call'
  railties (3.2.8) lib/rails/rack/logger.rb:26:in `call_app'
  railties (3.2.8) lib/rails/rack/logger.rb:16:in `call'
  actionpack (3.2.8) lib/action_dispatch/middleware/request_id.rb:22:in `call'
  rack (1.4.1) lib/rack/methodoverride.rb:21:in `call'
  rack (1.4.1) lib/rack/runtime.rb:17:in `call'
  activesupport (3.2.8) lib/active_support/cache/strategy/local_cache.rb:72:in `call'
  rack (1.4.1) lib/rack/lock.rb:15:in `call'
  actionpack (3.2.8) lib/action_dispatch/middleware/static.rb:62:in `call'
  railties (3.2.8) lib/rails/engine.rb:479:in `call'
  railties (3.2.8) lib/rails/application.rb:223:in `call'
  rack (1.4.1) lib/rack/content_length.rb:14:in `call'
  railties (3.2.8) lib/rails/rack/log_tailer.rb:17:in `call'
  rack (1.4.1) lib/rack/handler/webrick.rb:59:in `service'
  /Users/dduran/.rvm/rubies/ruby-1.9.2-p290/lib/ruby/1.9.1/webrick/httpserver.rb:111:in `service'
  /Users/dduran/.rvm/rubies/ruby-1.9.2-p290/lib/ruby/1.9.1/webrick/httpserver.rb:70:in `run'
  /Users/dduran/.rvm/rubies/ruby-1.9.2-p290/lib/ruby/1.9.1/webrick/server.rb:183:in `block in start_thread'


  Rendered /Users/dduran/.rvm/gems/ruby-1.9.2-p290/gems/actionpack-3.2.8/lib/action_dispatch/middleware/templates/rescues/routing_error.erb within rescues/layout (0.6ms)


Started GET "/" for 127.0.0.1 at 2012-11-04 14:55:57 -0500
Processing by PreorderController#index as HTML
  Rendered preorder/homepage/_value_proposition.html.erb (0.1ms)
  [1m[36m (0.1ms)[0m  [1mSELECT COUNT(*) FROM "orders" WHERE (token != '' OR token != NULL)[0m
  [1m[35mCACHE (0.0ms)[0m  SELECT COUNT(*) FROM "orders" WHERE (token != '' OR token != NULL)
  [1m[36mCACHE (0.0ms)[0m  [1mSELECT COUNT(*) FROM "orders" WHERE (token != '' OR token != NULL)[0m
  [1m[35mCACHE (0.0ms)[0m  SELECT COUNT(*) FROM "orders" WHERE (token != '' OR token != NULL)
  Rendered preorder/homepage/_stats.html.erb (2.4ms)
  Rendered preorder/homepage/_show_dont_tell.html.erb (3.7ms)
  Rendered preorder/homepage/_key_points.html.erb (0.0ms)
  Rendered preorder/homepage/_other_points.html.erb (0.0ms)
  Rendered preorder/homepage/_middle_reserve.html.erb (0.0ms)
  Rendered preorder/homepage/_faqs.html.erb (0.0ms)
  Rendered preorder/homepage/_press.html.erb (0.0ms)
  Rendered preorder/index.html.erb within layouts/application (6.5ms)
  Rendered preorder/_header.html.erb (0.0ms)
  Rendered preorder/_copyright.html.erb (0.0ms)
  Rendered preorder/_google_analytics.html.erb (0.1ms)
  Rendered preorder/_footer.html.erb (0.8ms)
Completed 200 OK in 16ms (Views: 14.2ms | ActiveRecord: 0.1ms)


Started GET "/assets/reset.css?body=1" for 127.0.0.1 at 2012-11-04 14:55:57 -0500
Served asset /reset.css - 304 Not Modified (0ms)


Started GET "/assets/application.css?body=1" for 127.0.0.1 at 2012-11-04 14:55:57 -0500
Served asset /application.css - 304 Not Modified (0ms)


Started GET "/assets/main.css?body=1" for 127.0.0.1 at 2012-11-04 14:55:57 -0500
Served asset /main.css - 304 Not Modified (0ms)


Started GET "/assets/jquery-ui.js?body=1" for 127.0.0.1 at 2012-11-04 14:55:57 -0500
Served asset /jquery-ui.js - 304 Not Modified (0ms)


Started GET "/assets/jquery_ujs.js?body=1" for 127.0.0.1 at 2012-11-04 14:55:57 -0500
Served asset /jquery_ujs.js - 304 Not Modified (0ms)


Started GET "/assets/jquery.js?body=1" for 127.0.0.1 at 2012-11-04 14:55:57 -0500
Served asset /jquery.js - 304 Not Modified (0ms)


Started GET "/assets/jquery.details.js?body=1" for 127.0.0.1 at 2012-11-04 14:55:57 -0500
Served asset /jquery.details.js - 304 Not Modified (0ms)


Started GET "/assets/jquery.textchange.js?body=1" for 127.0.0.1 at 2012-11-04 14:55:57 -0500
Served asset /jquery.textchange.js - 304 Not Modified (0ms)


Started GET "/assets/preorder.js?body=1" for 127.0.0.1 at 2012-11-04 14:55:57 -0500
Served asset /preorder.js - 304 Not Modified (0ms)


Started GET "/assets/application.js?body=1" for 127.0.0.1 at 2012-11-04 14:55:57 -0500
Served asset /application.js - 304 Not Modified (0ms)


Started GET "/assets/3-background.png" for 127.0.0.1 at 2012-11-04 14:55:57 -0500
Served asset /3-background.png - 304 Not Modified (0ms)


Started GET "/assets/2-background.png" for 127.0.0.1 at 2012-11-04 14:55:57 -0500
Served asset /2-background.png - 304 Not Modified (0ms)


Started GET "/assets/1-background.png" for 127.0.0.1 at 2012-11-04 14:55:57 -0500
Served asset /1-background.png - 304 Not Modified (0ms)


Started GET "/assets/4-background.png" for 127.0.0.1 at 2012-11-04 14:55:57 -0500
Served asset /4-background.png - 304 Not Modified (0ms)


Started GET "/assets/" for 127.0.0.1 at 2012-11-04 14:55:57 -0500
Served asset / - 404 Not Found (2ms)

ActionController::RoutingError (No route matches [GET] "/assets"):
  actionpack (3.2.8) lib/action_dispatch/middleware/debug_exceptions.rb:21:in `call'
  actionpack (3.2.8) lib/action_dispatch/middleware/show_exceptions.rb:56:in `call'
  railties (3.2.8) lib/rails/rack/logger.rb:26:in `call_app'
  railties (3.2.8) lib/rails/rack/logger.rb:16:in `call'
  actionpack (3.2.8) lib/action_dispatch/middleware/request_id.rb:22:in `call'
  rack (1.4.1) lib/rack/methodoverride.rb:21:in `call'
  rack (1.4.1) lib/rack/runtime.rb:17:in `call'
  activesupport (3.2.8) lib/active_support/cache/strategy/local_cache.rb:72:in `call'
  rack (1.4.1) lib/rack/lock.rb:15:in `call'
  actionpack (3.2.8) lib/action_dispatch/middleware/static.rb:62:in `call'
  railties (3.2.8) lib/rails/engine.rb:479:in `call'
  railties (3.2.8) lib/rails/application.rb:223:in `call'
  rack (1.4.1) lib/rack/content_length.rb:14:in `call'
  railties (3.2.8) lib/rails/rack/log_tailer.rb:17:in `call'
  rack (1.4.1) lib/rack/handler/webrick.rb:59:in `service'
  /Users/dduran/.rvm/rubies/ruby-1.9.2-p290/lib/ruby/1.9.1/webrick/httpserver.rb:111:in `service'
  /Users/dduran/.rvm/rubies/ruby-1.9.2-p290/lib/ruby/1.9.1/webrick/httpserver.rb:70:in `run'
  /Users/dduran/.rvm/rubies/ruby-1.9.2-p290/lib/ruby/1.9.1/webrick/server.rb:183:in `block in start_thread'


  Rendered /Users/dduran/.rvm/gems/ruby-1.9.2-p290/gems/actionpack-3.2.8/lib/action_dispatch/middleware/templates/rescues/routing_error.erb within rescues/layout (0.5ms)


Started GET "/assets/bullet.png" for 127.0.0.1 at 2012-11-04 14:55:57 -0500
Served asset /bullet.png - 304 Not Modified (0ms)


Started GET "/" for 127.0.0.1 at 2012-11-04 14:57:59 -0500
Processing by PreorderController#index as HTML
  Rendered preorder/homepage/_value_proposition.html.erb (0.0ms)
  [1m[36m (0.1ms)[0m  [1mSELECT COUNT(*) FROM "orders" WHERE (token != '' OR token != NULL)[0m
  [1m[35mCACHE (0.0ms)[0m  SELECT COUNT(*) FROM "orders" WHERE (token != '' OR token != NULL)
  [1m[36mCACHE (0.0ms)[0m  [1mSELECT COUNT(*) FROM "orders" WHERE (token != '' OR token != NULL)[0m
  [1m[35mCACHE (0.0ms)[0m  SELECT COUNT(*) FROM "orders" WHERE (token != '' OR token != NULL)
  Rendered preorder/homepage/_stats.html.erb (2.3ms)
  Rendered preorder/homepage/_show_dont_tell.html.erb (3.2ms)
  Rendered preorder/homepage/_key_points.html.erb (0.0ms)
  Rendered preorder/homepage/_other_points.html.erb (0.0ms)
  Rendered preorder/homepage/_middle_reserve.html.erb (0.0ms)
  Rendered preorder/homepage/_faqs.html.erb (0.0ms)
  Rendered preorder/homepage/_press.html.erb (0.0ms)
  Rendered preorder/index.html.erb within layouts/application (5.8ms)
  Rendered preorder/_header.html.erb (0.0ms)
  Rendered preorder/_copyright.html.erb (0.0ms)
  Rendered preorder/_google_analytics.html.erb (0.0ms)
  Rendered preorder/_footer.html.erb (0.8ms)
Completed 200 OK in 15ms (Views: 12.7ms | ActiveRecord: 0.1ms)


Started GET "/assets/application.css?body=1" for 127.0.0.1 at 2012-11-04 14:57:59 -0500
Served asset /application.css - 304 Not Modified (0ms)


Started GET "/assets/reset.css?body=1" for 127.0.0.1 at 2012-11-04 14:57:59 -0500
Served asset /reset.css - 304 Not Modified (0ms)


Started GET "/assets/jquery.js?body=1" for 127.0.0.1 at 2012-11-04 14:57:59 -0500
Served asset /jquery.js - 304 Not Modified (0ms)


Started GET "/assets/jquery-ui.js?body=1" for 127.0.0.1 at 2012-11-04 14:57:59 -0500
Served asset /jquery-ui.js - 304 Not Modified (0ms)


Started GET "/assets/jquery_ujs.js?body=1" for 127.0.0.1 at 2012-11-04 14:57:59 -0500
Served asset /jquery_ujs.js - 304 Not Modified (0ms)


Started GET "/assets/main.css?body=1" for 127.0.0.1 at 2012-11-04 14:57:59 -0500
Served asset /main.css - 304 Not Modified (0ms)


Started GET "/assets/jquery.details.js?body=1" for 127.0.0.1 at 2012-11-04 14:57:59 -0500
Served asset /jquery.details.js - 304 Not Modified (0ms)


Started GET "/assets/jquery.textchange.js?body=1" for 127.0.0.1 at 2012-11-04 14:57:59 -0500
Served asset /jquery.textchange.js - 304 Not Modified (0ms)


Started GET "/assets/preorder.js?body=1" for 127.0.0.1 at 2012-11-04 14:57:59 -0500
Served asset /preorder.js - 304 Not Modified (0ms)


Started GET "/assets/application.js?body=1" for 127.0.0.1 at 2012-11-04 14:57:59 -0500
Served asset /application.js - 304 Not Modified (0ms)


Started GET "/assets/2-background.png" for 127.0.0.1 at 2012-11-04 14:57:59 -0500
Served asset /2-background.png - 304 Not Modified (0ms)


Started GET "/assets/1-background.png" for 127.0.0.1 at 2012-11-04 14:57:59 -0500
Served asset /1-background.png - 304 Not Modified (0ms)


Started GET "/assets/3-background.png" for 127.0.0.1 at 2012-11-04 14:57:59 -0500
Served asset /3-background.png - 304 Not Modified (0ms)


Started GET "/assets/4-background.png" for 127.0.0.1 at 2012-11-04 14:57:59 -0500
Served asset /4-background.png - 304 Not Modified (0ms)


Started GET "/assets/" for 127.0.0.1 at 2012-11-04 14:57:59 -0500
Served asset / - 404 Not Found (2ms)

ActionController::RoutingError (No route matches [GET] "/assets"):
  actionpack (3.2.8) lib/action_dispatch/middleware/debug_exceptions.rb:21:in `call'
  actionpack (3.2.8) lib/action_dispatch/middleware/show_exceptions.rb:56:in `call'
  railties (3.2.8) lib/rails/rack/logger.rb:26:in `call_app'
  railties (3.2.8) lib/rails/rack/logger.rb:16:in `call'
  actionpack (3.2.8) lib/action_dispatch/middleware/request_id.rb:22:in `call'
  rack (1.4.1) lib/rack/methodoverride.rb:21:in `call'
  rack (1.4.1) lib/rack/runtime.rb:17:in `call'
  activesupport (3.2.8) lib/active_support/cache/strategy/local_cache.rb:72:in `call'
  rack (1.4.1) lib/rack/lock.rb:15:in `call'
  actionpack (3.2.8) lib/action_dispatch/middleware/static.rb:62:in `call'
  railties (3.2.8) lib/rails/engine.rb:479:in `call'
  railties (3.2.8) lib/rails/application.rb:223:in `call'
  rack (1.4.1) lib/rack/content_length.rb:14:in `call'
  railties (3.2.8) lib/rails/rack/log_tailer.rb:17:in `call'
  rack (1.4.1) lib/rack/handler/webrick.rb:59:in `service'
  /Users/dduran/.rvm/rubies/ruby-1.9.2-p290/lib/ruby/1.9.1/webrick/httpserver.rb:111:in `service'
  /Users/dduran/.rvm/rubies/ruby-1.9.2-p290/lib/ruby/1.9.1/webrick/httpserver.rb:70:in `run'
  /Users/dduran/.rvm/rubies/ruby-1.9.2-p290/lib/ruby/1.9.1/webrick/server.rb:183:in `block in start_thread'


  Rendered /Users/dduran/.rvm/gems/ruby-1.9.2-p290/gems/actionpack-3.2.8/lib/action_dispatch/middleware/templates/rescues/routing_error.erb within rescues/layout (0.5ms)


Started GET "/assets/bullet.png" for 127.0.0.1 at 2012-11-04 14:57:59 -0500
Served asset /bullet.png - 304 Not Modified (0ms)


Started GET "/" for 127.0.0.1 at 2012-11-04 15:01:51 -0500
Connecting to database specified by database.yml
Processing by PreorderController#index as HTML
  Rendered preorder/homepage/_value_proposition.html.erb (0.3ms)
  [1m[36m (0.1ms)[0m  [1mSELECT COUNT(*) FROM "orders" WHERE (token != '' OR token != NULL)[0m
  [1m[35mCACHE (0.0ms)[0m  SELECT COUNT(*) FROM "orders" WHERE (token != '' OR token != NULL)
  [1m[36mCACHE (0.0ms)[0m  [1mSELECT COUNT(*) FROM "orders" WHERE (token != '' OR token != NULL)[0m
  [1m[35mCACHE (0.0ms)[0m  SELECT COUNT(*) FROM "orders" WHERE (token != '' OR token != NULL)
  Rendered preorder/homepage/_stats.html.erb (72.6ms)
  Rendered preorder/homepage/_show_dont_tell.html.erb (74.1ms)
  Rendered preorder/homepage/_key_points.html.erb (0.3ms)
  Rendered preorder/homepage/_faqs.html.erb (0.3ms)
  Rendered preorder/homepage/_press.html.erb (0.2ms)
  Rendered preorder/index.html.erb within layouts/application (115.8ms)
  Rendered preorder/_header.html.erb (0.3ms)
  Rendered preorder/_copyright.html.erb (0.2ms)
  Rendered preorder/_google_analytics.html.erb (0.3ms)
  Rendered preorder/_footer.html.erb (1.6ms)
Completed 200 OK in 198ms (Views: 189.1ms | ActiveRecord: 6.6ms)


Started GET "/assets/application.css?body=1" for 127.0.0.1 at 2012-11-04 15:01:52 -0500
Served asset /application.css - 304 Not Modified (11ms)


Started GET "/assets/reset.css?body=1" for 127.0.0.1 at 2012-11-04 15:01:52 -0500
Served asset /reset.css - 304 Not Modified (1ms)


Started GET "/assets/main.css?body=1" for 127.0.0.1 at 2012-11-04 15:01:52 -0500
Served asset /main.css - 304 Not Modified (3ms)


Started GET "/assets/jquery.js?body=1" for 127.0.0.1 at 2012-11-04 15:01:52 -0500
Served asset /jquery.js - 304 Not Modified (2ms)


Started GET "/assets/jquery_ujs.js?body=1" for 127.0.0.1 at 2012-11-04 15:01:52 -0500
Served asset /jquery_ujs.js - 304 Not Modified (2ms)


Started GET "/assets/jquery-ui.js?body=1" for 127.0.0.1 at 2012-11-04 15:01:52 -0500
Served asset /jquery-ui.js - 304 Not Modified (2ms)


Started GET "/assets/jquery.details.js?body=1" for 127.0.0.1 at 2012-11-04 15:01:52 -0500
Served asset /jquery.details.js - 304 Not Modified (1ms)


Started GET "/assets/jquery.textchange.js?body=1" for 127.0.0.1 at 2012-11-04 15:01:52 -0500
Served asset /jquery.textchange.js - 304 Not Modified (1ms)


Started GET "/assets/preorder.js?body=1" for 127.0.0.1 at 2012-11-04 15:01:52 -0500
Served asset /preorder.js - 304 Not Modified (28ms)


Started GET "/assets/application.js?body=1" for 127.0.0.1 at 2012-11-04 15:01:52 -0500
Served asset /application.js - 304 Not Modified (7ms)


Started GET "/assets/2-background.png" for 127.0.0.1 at 2012-11-04 15:01:52 -0500
Served asset /2-background.png - 304 Not Modified (1ms)


Started GET "/assets/1-background.png" for 127.0.0.1 at 2012-11-04 15:01:52 -0500
Served asset /1-background.png - 304 Not Modified (1ms)


Started GET "/assets/3-background.png" for 127.0.0.1 at 2012-11-04 15:01:52 -0500
Served asset /3-background.png - 304 Not Modified (1ms)


Started GET "/assets/4-background.png" for 127.0.0.1 at 2012-11-04 15:01:52 -0500
Served asset /4-background.png - 304 Not Modified (1ms)


Started GET "/assets/" for 127.0.0.1 at 2012-11-04 15:01:52 -0500
Served asset / - 404 Not Found (2ms)

ActionController::RoutingError (No route matches [GET] "/assets"):
  actionpack (3.2.8) lib/action_dispatch/middleware/debug_exceptions.rb:21:in `call'
  actionpack (3.2.8) lib/action_dispatch/middleware/show_exceptions.rb:56:in `call'
  railties (3.2.8) lib/rails/rack/logger.rb:26:in `call_app'
  railties (3.2.8) lib/rails/rack/logger.rb:16:in `call'
  actionpack (3.2.8) lib/action_dispatch/middleware/request_id.rb:22:in `call'
  rack (1.4.1) lib/rack/methodoverride.rb:21:in `call'
  rack (1.4.1) lib/rack/runtime.rb:17:in `call'
  activesupport (3.2.8) lib/active_support/cache/strategy/local_cache.rb:72:in `call'
  rack (1.4.1) lib/rack/lock.rb:15:in `call'
  actionpack (3.2.8) lib/action_dispatch/middleware/static.rb:62:in `call'
  railties (3.2.8) lib/rails/engine.rb:479:in `call'
  railties (3.2.8) lib/rails/application.rb:223:in `call'
  rack (1.4.1) lib/rack/content_length.rb:14:in `call'
  railties (3.2.8) lib/rails/rack/log_tailer.rb:17:in `call'
  rack (1.4.1) lib/rack/handler/webrick.rb:59:in `service'
  /Users/dduran/.rvm/rubies/ruby-1.9.2-p290/lib/ruby/1.9.1/webrick/httpserver.rb:111:in `service'
  /Users/dduran/.rvm/rubies/ruby-1.9.2-p290/lib/ruby/1.9.1/webrick/httpserver.rb:70:in `run'
  /Users/dduran/.rvm/rubies/ruby-1.9.2-p290/lib/ruby/1.9.1/webrick/server.rb:183:in `block in start_thread'


  Rendered /Users/dduran/.rvm/gems/ruby-1.9.2-p290/gems/actionpack-3.2.8/lib/action_dispatch/middleware/templates/rescues/routing_error.erb within rescues/layout (0.8ms)


Started GET "/assets/bullet.png" for 127.0.0.1 at 2012-11-04 15:01:52 -0500
Served asset /bullet.png - 304 Not Modified (1ms)


Started GET "/" for 127.0.0.1 at 2012-11-04 15:04:24 -0500
Connecting to database specified by database.yml
Processing by PreorderController#index as HTML
  Rendered preorder/homepage/_value_proposition.html.erb (0.3ms)
  [1m[36m (0.1ms)[0m  [1mSELECT COUNT(*) FROM "orders" WHERE (token != '' OR token != NULL)[0m
  [1m[35mCACHE (0.0ms)[0m  SELECT COUNT(*) FROM "orders" WHERE (token != '' OR token != NULL)
  [1m[36mCACHE (0.0ms)[0m  [1mSELECT COUNT(*) FROM "orders" WHERE (token != '' OR token != NULL)[0m
  [1m[35mCACHE (0.0ms)[0m  SELECT COUNT(*) FROM "orders" WHERE (token != '' OR token != NULL)
  Rendered preorder/homepage/_stats.html.erb (94.6ms)
  Rendered preorder/homepage/_show_dont_tell.html.erb (96.2ms)
  Rendered preorder/homepage/_key_points.html.erb (0.3ms)
  Rendered preorder/homepage/_faqs.html.erb (0.3ms)
  Rendered preorder/homepage/_press.html.erb (0.2ms)
  Rendered preorder/index.html.erb within layouts/application (115.5ms)
  Rendered preorder/_header.html.erb (0.3ms)
  Rendered preorder/_copyright.html.erb (0.2ms)
  Rendered preorder/_google_analytics.html.erb (0.2ms)
  Rendered preorder/_footer.html.erb (1.5ms)
Completed 200 OK in 195ms (Views: 185.8ms | ActiveRecord: 6.8ms)


Started GET "/assets/application.css?body=1" for 127.0.0.1 at 2012-11-04 15:04:24 -0500
Served asset /application.css - 304 Not Modified (6ms)


Started GET "/assets/reset.css?body=1" for 127.0.0.1 at 2012-11-04 15:04:24 -0500
Served asset /reset.css - 304 Not Modified (1ms)


Started GET "/assets/main.css?body=1" for 127.0.0.1 at 2012-11-04 15:04:24 -0500
Served asset /main.css - 304 Not Modified (4ms)


Started GET "/assets/jquery.js?body=1" for 127.0.0.1 at 2012-11-04 15:04:24 -0500
Served asset /jquery.js - 304 Not Modified (3ms)


Started GET "/assets/jquery_ujs.js?body=1" for 127.0.0.1 at 2012-11-04 15:04:24 -0500
Served asset /jquery_ujs.js - 304 Not Modified (2ms)


Started GET "/assets/jquery-ui.js?body=1" for 127.0.0.1 at 2012-11-04 15:04:24 -0500
Served asset /jquery-ui.js - 304 Not Modified (5ms)


Started GET "/assets/jquery.details.js?body=1" for 127.0.0.1 at 2012-11-04 15:04:24 -0500
Served asset /jquery.details.js - 304 Not Modified (2ms)


Started GET "/assets/jquery.textchange.js?body=1" for 127.0.0.1 at 2012-11-04 15:04:24 -0500
Served asset /jquery.textchange.js - 304 Not Modified (1ms)


Started GET "/assets/preorder.js?body=1" for 127.0.0.1 at 2012-11-04 15:04:24 -0500
Served asset /preorder.js - 304 Not Modified (1ms)


Started GET "/assets/application.js?body=1" for 127.0.0.1 at 2012-11-04 15:04:24 -0500
Served asset /application.js - 304 Not Modified (7ms)


Started GET "/assets/2-background.png" for 127.0.0.1 at 2012-11-04 15:04:25 -0500
Served asset /2-background.png - 304 Not Modified (1ms)


Started GET "/assets/1-background.png" for 127.0.0.1 at 2012-11-04 15:04:25 -0500
Served asset /1-background.png - 304 Not Modified (1ms)


Started GET "/assets/bullet.png" for 127.0.0.1 at 2012-11-04 15:04:25 -0500
Served asset /bullet.png - 304 Not Modified (1ms)


Started GET "/assets/" for 127.0.0.1 at 2012-11-04 15:04:25 -0500
Served asset / - 404 Not Found (2ms)

ActionController::RoutingError (No route matches [GET] "/assets"):
  actionpack (3.2.8) lib/action_dispatch/middleware/debug_exceptions.rb:21:in `call'
  actionpack (3.2.8) lib/action_dispatch/middleware/show_exceptions.rb:56:in `call'
  railties (3.2.8) lib/rails/rack/logger.rb:26:in `call_app'
  railties (3.2.8) lib/rails/rack/logger.rb:16:in `call'
  actionpack (3.2.8) lib/action_dispatch/middleware/request_id.rb:22:in `call'
  rack (1.4.1) lib/rack/methodoverride.rb:21:in `call'
  rack (1.4.1) lib/rack/runtime.rb:17:in `call'
  activesupport (3.2.8) lib/active_support/cache/strategy/local_cache.rb:72:in `call'
  rack (1.4.1) lib/rack/lock.rb:15:in `call'
  actionpack (3.2.8) lib/action_dispatch/middleware/static.rb:62:in `call'
  railties (3.2.8) lib/rails/engine.rb:479:in `call'
  railties (3.2.8) lib/rails/application.rb:223:in `call'
  rack (1.4.1) lib/rack/content_length.rb:14:in `call'
  railties (3.2.8) lib/rails/rack/log_tailer.rb:17:in `call'
  rack (1.4.1) lib/rack/handler/webrick.rb:59:in `service'
  /Users/dduran/.rvm/rubies/ruby-1.9.2-p290/lib/ruby/1.9.1/webrick/httpserver.rb:111:in `service'
  /Users/dduran/.rvm/rubies/ruby-1.9.2-p290/lib/ruby/1.9.1/webrick/httpserver.rb:70:in `run'
  /Users/dduran/.rvm/rubies/ruby-1.9.2-p290/lib/ruby/1.9.1/webrick/server.rb:183:in `block in start_thread'


  Rendered /Users/dduran/.rvm/gems/ruby-1.9.2-p290/gems/actionpack-3.2.8/lib/action_dispatch/middleware/templates/rescues/routing_error.erb within rescues/layout (0.5ms)


Started GET "/" for 127.0.0.1 at 2012-11-04 15:06:59 -0500
Connecting to database specified by database.yml
Processing by PreorderController#index as HTML
  Rendered preorder/homepage/_value_proposition.html.erb (0.3ms)
  [1m[36m (0.1ms)[0m  [1mSELECT COUNT(*) FROM "orders" WHERE (token != '' OR token != NULL)[0m
  [1m[35mCACHE (0.0ms)[0m  SELECT COUNT(*) FROM "orders" WHERE (token != '' OR token != NULL)
  [1m[36mCACHE (0.0ms)[0m  [1mSELECT COUNT(*) FROM "orders" WHERE (token != '' OR token != NULL)[0m
  [1m[35mCACHE (0.0ms)[0m  SELECT COUNT(*) FROM "orders" WHERE (token != '' OR token != NULL)
  Rendered preorder/homepage/_stats.html.erb (71.7ms)
  Rendered preorder/homepage/_show_dont_tell.html.erb (73.3ms)
  Rendered preorder/homepage/_faqs.html.erb (0.3ms)
  Rendered preorder/homepage/_press.html.erb (0.3ms)
  Rendered preorder/index.html.erb within layouts/application (113.4ms)
  Rendered preorder/_header.html.erb (0.3ms)
  Rendered preorder/_copyright.html.erb (0.2ms)
  Rendered preorder/_google_analytics.html.erb (0.3ms)
  Rendered preorder/_footer.html.erb (1.6ms)
Completed 200 OK in 194ms (Views: 184.8ms | ActiveRecord: 6.8ms)


Started GET "/assets/reset.css?body=1" for 127.0.0.1 at 2012-11-04 15:07:00 -0500
Served asset /reset.css - 304 Not Modified (3ms)


Started GET "/assets/main.css?body=1" for 127.0.0.1 at 2012-11-04 15:07:00 -0500
Served asset /main.css - 304 Not Modified (3ms)


Started GET "/assets/jquery.js?body=1" for 127.0.0.1 at 2012-11-04 15:07:00 -0500
Served asset /jquery.js - 304 Not Modified (2ms)


Started GET "/assets/jquery_ujs.js?body=1" for 127.0.0.1 at 2012-11-04 15:07:00 -0500
Served asset /jquery_ujs.js - 304 Not Modified (2ms)


Started GET "/assets/application.css?body=1" for 127.0.0.1 at 2012-11-04 15:07:00 -0500
Served asset /application.css - 304 Not Modified (6ms)


Started GET "/assets/jquery-ui.js?body=1" for 127.0.0.1 at 2012-11-04 15:07:00 -0500
Served asset /jquery-ui.js - 304 Not Modified (3ms)


Started GET "/assets/jquery.details.js?body=1" for 127.0.0.1 at 2012-11-04 15:07:00 -0500
Served asset /jquery.details.js - 304 Not Modified (1ms)


Started GET "/assets/jquery.textchange.js?body=1" for 127.0.0.1 at 2012-11-04 15:07:00 -0500
Served asset /jquery.textchange.js - 304 Not Modified (1ms)


Started GET "/assets/preorder.js?body=1" for 127.0.0.1 at 2012-11-04 15:07:00 -0500
Served asset /preorder.js - 304 Not Modified (28ms)


Started GET "/assets/application.js?body=1" for 127.0.0.1 at 2012-11-04 15:07:00 -0500
Served asset /application.js - 304 Not Modified (6ms)


Started GET "/assets/" for 127.0.0.1 at 2012-11-04 15:07:00 -0500
Served asset / - 404 Not Found (2ms)

ActionController::RoutingError (No route matches [GET] "/assets"):
  actionpack (3.2.8) lib/action_dispatch/middleware/debug_exceptions.rb:21:in `call'
  actionpack (3.2.8) lib/action_dispatch/middleware/show_exceptions.rb:56:in `call'
  railties (3.2.8) lib/rails/rack/logger.rb:26:in `call_app'
  railties (3.2.8) lib/rails/rack/logger.rb:16:in `call'
  actionpack (3.2.8) lib/action_dispatch/middleware/request_id.rb:22:in `call'
  rack (1.4.1) lib/rack/methodoverride.rb:21:in `call'
  rack (1.4.1) lib/rack/runtime.rb:17:in `call'
  activesupport (3.2.8) lib/active_support/cache/strategy/local_cache.rb:72:in `call'
  rack (1.4.1) lib/rack/lock.rb:15:in `call'
  actionpack (3.2.8) lib/action_dispatch/middleware/static.rb:62:in `call'
  railties (3.2.8) lib/rails/engine.rb:479:in `call'
  railties (3.2.8) lib/rails/application.rb:223:in `call'
  rack (1.4.1) lib/rack/content_length.rb:14:in `call'
  railties (3.2.8) lib/rails/rack/log_tailer.rb:17:in `call'
  rack (1.4.1) lib/rack/handler/webrick.rb:59:in `service'
  /Users/dduran/.rvm/rubies/ruby-1.9.2-p290/lib/ruby/1.9.1/webrick/httpserver.rb:111:in `service'
  /Users/dduran/.rvm/rubies/ruby-1.9.2-p290/lib/ruby/1.9.1/webrick/httpserver.rb:70:in `run'
  /Users/dduran/.rvm/rubies/ruby-1.9.2-p290/lib/ruby/1.9.1/webrick/server.rb:183:in `block in start_thread'


  Rendered /Users/dduran/.rvm/gems/ruby-1.9.2-p290/gems/actionpack-3.2.8/lib/action_dispatch/middleware/templates/rescues/routing_error.erb within rescues/layout (0.5ms)


Started GET "/assets/bullet.png" for 127.0.0.1 at 2012-11-04 15:07:00 -0500
Served asset /bullet.png - 304 Not Modified (1ms)


Started GET "/" for 127.0.0.1 at 2012-11-04 15:15:43 -0500
Connecting to database specified by database.yml
Processing by PreorderController#index as HTML
  Rendered preorder/homepage/_value_proposition.html.erb (0.3ms)
  [1m[36m (0.1ms)[0m  [1mSELECT COUNT(*) FROM "orders" WHERE (token != '' OR token != NULL)[0m
  [1m[35mCACHE (0.0ms)[0m  SELECT COUNT(*) FROM "orders" WHERE (token != '' OR token != NULL)
  [1m[36mCACHE (0.0ms)[0m  [1mSELECT COUNT(*) FROM "orders" WHERE (token != '' OR token != NULL)[0m
  [1m[35mCACHE (0.0ms)[0m  SELECT COUNT(*) FROM "orders" WHERE (token != '' OR token != NULL)
  Rendered preorder/homepage/_stats.html.erb (72.9ms)
  Rendered preorder/homepage/_show_dont_tell.html.erb (74.5ms)
  Rendered preorder/homepage/_faqs.html.erb (0.3ms)
  Rendered preorder/homepage/_press.html.erb (0.2ms)
  Rendered preorder/index.html.erb within layouts/application (116.8ms)
  Rendered preorder/_header.html.erb (0.3ms)
  Rendered preorder/_copyright.html.erb (0.2ms)
  Rendered preorder/_google_analytics.html.erb (0.3ms)
  Rendered preorder/_footer.html.erb (1.5ms)
Completed 200 OK in 198ms (Views: 188.9ms | ActiveRecord: 6.9ms)


Started GET "/assets/reset.css?body=1" for 127.0.0.1 at 2012-11-04 15:15:44 -0500
Served asset /reset.css - 304 Not Modified (4ms)


Started GET "/assets/main.css?body=1" for 127.0.0.1 at 2012-11-04 15:15:44 -0500
Served asset /main.css - 304 Not Modified (4ms)


Started GET "/assets/application.css?body=1" for 127.0.0.1 at 2012-11-04 15:15:44 -0500
Served asset /application.css - 304 Not Modified (8ms)


Started GET "/assets/jquery.js?body=1" for 127.0.0.1 at 2012-11-04 15:15:44 -0500
Served asset /jquery.js - 304 Not Modified (3ms)


Started GET "/assets/jquery_ujs.js?body=1" for 127.0.0.1 at 2012-11-04 15:15:44 -0500
Served asset /jquery_ujs.js - 304 Not Modified (2ms)


Started GET "/assets/jquery-ui.js?body=1" for 127.0.0.1 at 2012-11-04 15:15:44 -0500
Served asset /jquery-ui.js - 304 Not Modified (2ms)


Started GET "/assets/jquery.details.js?body=1" for 127.0.0.1 at 2012-11-04 15:15:44 -0500
Served asset /jquery.details.js - 304 Not Modified (2ms)


Started GET "/assets/jquery.textchange.js?body=1" for 127.0.0.1 at 2012-11-04 15:15:44 -0500
Served asset /jquery.textchange.js - 304 Not Modified (1ms)


Started GET "/assets/preorder.js?body=1" for 127.0.0.1 at 2012-11-04 15:15:44 -0500
Served asset /preorder.js - 304 Not Modified (1ms)


Started GET "/assets/application.js?body=1" for 127.0.0.1 at 2012-11-04 15:15:44 -0500
Served asset /application.js - 304 Not Modified (39ms)


Started GET "/" for 127.0.0.1 at 2012-11-04 15:16:13 -0500
Processing by PreorderController#index as HTML
  Rendered preorder/homepage/_value_proposition.html.erb (0.0ms)
  [1m[36m (0.2ms)[0m  [1mSELECT COUNT(*) FROM "orders" WHERE (token != '' OR token != NULL)[0m
  [1m[35mCACHE (0.0ms)[0m  SELECT COUNT(*) FROM "orders" WHERE (token != '' OR token != NULL)
  [1m[36mCACHE (0.0ms)[0m  [1mSELECT COUNT(*) FROM "orders" WHERE (token != '' OR token != NULL)[0m
  [1m[35mCACHE (0.0ms)[0m  SELECT COUNT(*) FROM "orders" WHERE (token != '' OR token != NULL)
  Rendered preorder/homepage/_stats.html.erb (3.3ms)
  Rendered preorder/homepage/_show_dont_tell.html.erb (4.3ms)
  Rendered preorder/homepage/_faqs.html.erb (0.0ms)
  Rendered preorder/homepage/_press.html.erb (0.0ms)
  Rendered preorder/index.html.erb within layouts/application (5.7ms)
  Rendered preorder/_header.html.erb (0.0ms)
  Rendered preorder/_copyright.html.erb (0.0ms)
  Rendered preorder/_google_analytics.html.erb (0.0ms)
  Rendered preorder/_footer.html.erb (0.9ms)
Completed 200 OK in 15ms (Views: 12.8ms | ActiveRecord: 0.2ms)


Started GET "/assets/application.css?body=1" for 127.0.0.1 at 2012-11-04 15:16:13 -0500
Served asset /application.css - 304 Not Modified (0ms)


Started GET "/assets/main.css?body=1" for 127.0.0.1 at 2012-11-04 15:16:13 -0500
Served asset /main.css - 304 Not Modified (0ms)


Started GET "/assets/reset.css?body=1" for 127.0.0.1 at 2012-11-04 15:16:13 -0500
Served asset /reset.css - 304 Not Modified (0ms)


Started GET "/assets/jquery.js?body=1" for 127.0.0.1 at 2012-11-04 15:16:13 -0500
Served asset /jquery.js - 304 Not Modified (0ms)


Started GET "/assets/jquery-ui.js?body=1" for 127.0.0.1 at 2012-11-04 15:16:13 -0500
Served asset /jquery-ui.js - 304 Not Modified (0ms)


Started GET "/assets/jquery_ujs.js?body=1" for 127.0.0.1 at 2012-11-04 15:16:13 -0500
Served asset /jquery_ujs.js - 304 Not Modified (0ms)


Started GET "/assets/jquery.textchange.js?body=1" for 127.0.0.1 at 2012-11-04 15:16:13 -0500
Served asset /jquery.textchange.js - 304 Not Modified (0ms)


Started GET "/assets/jquery.details.js?body=1" for 127.0.0.1 at 2012-11-04 15:16:13 -0500
Served asset /jquery.details.js - 304 Not Modified (0ms)


Started GET "/assets/preorder.js?body=1" for 127.0.0.1 at 2012-11-04 15:16:13 -0500
Served asset /preorder.js - 304 Not Modified (0ms)


Started GET "/assets/application.js?body=1" for 127.0.0.1 at 2012-11-04 15:16:13 -0500
Served asset /application.js - 304 Not Modified (0ms)


Started GET "/" for 127.0.0.1 at 2012-11-04 15:16:24 -0500
Processing by PreorderController#index as HTML
  Rendered preorder/homepage/_value_proposition.html.erb (0.0ms)
  [1m[36m (0.1ms)[0m  [1mSELECT COUNT(*) FROM "orders" WHERE (token != '' OR token != NULL)[0m
  [1m[35mCACHE (0.0ms)[0m  SELECT COUNT(*) FROM "orders" WHERE (token != '' OR token != NULL)
  [1m[36mCACHE (0.0ms)[0m  [1mSELECT COUNT(*) FROM "orders" WHERE (token != '' OR token != NULL)[0m
  [1m[35mCACHE (0.0ms)[0m  SELECT COUNT(*) FROM "orders" WHERE (token != '' OR token != NULL)
  Rendered preorder/homepage/_stats.html.erb (2.3ms)
  Rendered preorder/homepage/_show_dont_tell.html.erb (3.2ms)
  Rendered preorder/homepage/_faqs.html.erb (0.0ms)
  Rendered preorder/homepage/_press.html.erb (0.0ms)
  Rendered preorder/index.html.erb within layouts/application (4.5ms)
  Rendered preorder/_header.html.erb (0.0ms)
  Rendered preorder/_copyright.html.erb (0.0ms)
  Rendered preorder/_google_analytics.html.erb (0.0ms)
  Rendered preorder/_footer.html.erb (1.1ms)
Completed 200 OK in 14ms (Views: 12.2ms | ActiveRecord: 0.1ms)


Started GET "/assets/reset.css?body=1" for 127.0.0.1 at 2012-11-04 15:16:24 -0500
Served asset /reset.css - 304 Not Modified (0ms)


Started GET "/assets/jquery.js?body=1" for 127.0.0.1 at 2012-11-04 15:16:24 -0500
Served asset /jquery.js - 304 Not Modified (0ms)


Started GET "/assets/application.css?body=1" for 127.0.0.1 at 2012-11-04 15:16:24 -0500
Served asset /application.css - 304 Not Modified (0ms)


Started GET "/assets/main.css?body=1" for 127.0.0.1 at 2012-11-04 15:16:24 -0500
Served asset /main.css - 304 Not Modified (0ms)


Started GET "/assets/jquery_ujs.js?body=1" for 127.0.0.1 at 2012-11-04 15:16:24 -0500
Served asset /jquery_ujs.js - 304 Not Modified (0ms)


Started GET "/assets/jquery-ui.js?body=1" for 127.0.0.1 at 2012-11-04 15:16:24 -0500
Served asset /jquery-ui.js - 304 Not Modified (0ms)


Started GET "/assets/jquery.details.js?body=1" for 127.0.0.1 at 2012-11-04 15:16:24 -0500
Served asset /jquery.details.js - 304 Not Modified (0ms)


Started GET "/assets/jquery.textchange.js?body=1" for 127.0.0.1 at 2012-11-04 15:16:24 -0500
Served asset /jquery.textchange.js - 304 Not Modified (0ms)


Started GET "/assets/preorder.js?body=1" for 127.0.0.1 at 2012-11-04 15:16:24 -0500
Served asset /preorder.js - 304 Not Modified (0ms)


Started GET "/assets/application.js?body=1" for 127.0.0.1 at 2012-11-04 15:16:24 -0500
Served asset /application.js - 304 Not Modified (0ms)


Started GET "/" for 127.0.0.1 at 2012-11-04 15:16:37 -0500
Processing by PreorderController#index as HTML
  Rendered preorder/homepage/_value_proposition.html.erb (0.0ms)
  [1m[36m (0.1ms)[0m  [1mSELECT COUNT(*) FROM "orders" WHERE (token != '' OR token != NULL)[0m
  [1m[35mCACHE (0.0ms)[0m  SELECT COUNT(*) FROM "orders" WHERE (token != '' OR token != NULL)
  [1m[36mCACHE (0.0ms)[0m  [1mSELECT COUNT(*) FROM "orders" WHERE (token != '' OR token != NULL)[0m
  [1m[35mCACHE (0.0ms)[0m  SELECT COUNT(*) FROM "orders" WHERE (token != '' OR token != NULL)
  Rendered preorder/homepage/_stats.html.erb (2.4ms)
  Rendered preorder/homepage/_show_dont_tell.html.erb (3.3ms)
  Rendered preorder/homepage/_faqs.html.erb (0.0ms)
  Rendered preorder/homepage/_press.html.erb (0.0ms)
  Rendered preorder/index.html.erb within layouts/application (4.6ms)
  Rendered preorder/_header.html.erb (0.0ms)
  Rendered preorder/_copyright.html.erb (0.0ms)
  Rendered preorder/_google_analytics.html.erb (0.0ms)
  Rendered preorder/_footer.html.erb (0.8ms)
Completed 200 OK in 14ms (Views: 11.8ms | ActiveRecord: 0.1ms)


Started GET "/assets/reset.css?body=1" for 127.0.0.1 at 2012-11-04 15:16:37 -0500
Served asset /reset.css - 304 Not Modified (0ms)


Started GET "/assets/application.css?body=1" for 127.0.0.1 at 2012-11-04 15:16:37 -0500
Served asset /application.css - 304 Not Modified (0ms)


Started GET "/assets/main.css?body=1" for 127.0.0.1 at 2012-11-04 15:16:37 -0500
Served asset /main.css - 304 Not Modified (0ms)


Started GET "/assets/jquery.js?body=1" for 127.0.0.1 at 2012-11-04 15:16:37 -0500
Served asset /jquery.js - 304 Not Modified (0ms)


Started GET "/assets/jquery_ujs.js?body=1" for 127.0.0.1 at 2012-11-04 15:16:37 -0500
Served asset /jquery_ujs.js - 304 Not Modified (0ms)


Started GET "/assets/jquery-ui.js?body=1" for 127.0.0.1 at 2012-11-04 15:16:37 -0500
Served asset /jquery-ui.js - 304 Not Modified (0ms)


Started GET "/assets/jquery.details.js?body=1" for 127.0.0.1 at 2012-11-04 15:16:37 -0500
Served asset /jquery.details.js - 304 Not Modified (0ms)


Started GET "/assets/jquery.textchange.js?body=1" for 127.0.0.1 at 2012-11-04 15:16:37 -0500
Served asset /jquery.textchange.js - 304 Not Modified (0ms)


Started GET "/assets/preorder.js?body=1" for 127.0.0.1 at 2012-11-04 15:16:37 -0500
Served asset /preorder.js - 304 Not Modified (0ms)


Started GET "/assets/application.js?body=1" for 127.0.0.1 at 2012-11-04 15:16:37 -0500
Served asset /application.js - 304 Not Modified (0ms)


Started GET "/" for 127.0.0.1 at 2012-11-04 15:19:47 -0500
Connecting to database specified by database.yml
Processing by PreorderController#index as HTML
  Rendered preorder/homepage/_value_proposition.html.erb (0.2ms)
  [1m[36m (0.1ms)[0m  [1mSELECT COUNT(*) FROM "orders" WHERE (token != '' OR token != NULL)[0m
  [1m[35mCACHE (0.0ms)[0m  SELECT COUNT(*) FROM "orders" WHERE (token != '' OR token != NULL)
  [1m[36mCACHE (0.0ms)[0m  [1mSELECT COUNT(*) FROM "orders" WHERE (token != '' OR token != NULL)[0m
  [1m[35mCACHE (0.0ms)[0m  SELECT COUNT(*) FROM "orders" WHERE (token != '' OR token != NULL)
  Rendered preorder/homepage/_stats.html.erb (94.9ms)
  Rendered preorder/homepage/_show_dont_tell.html.erb (96.5ms)
  Rendered preorder/homepage/_faqs.html.erb (0.4ms)
  Rendered preorder/homepage/_press.html.erb (0.2ms)
  Rendered preorder/index.html.erb within layouts/application (114.9ms)
  Rendered preorder/_header.html.erb (0.3ms)
  Rendered preorder/_copyright.html.erb (0.2ms)
  Rendered preorder/_google_analytics.html.erb (0.3ms)
  Rendered preorder/_footer.html.erb (1.7ms)
Completed 200 OK in 196ms (Views: 187.2ms | ActiveRecord: 6.7ms)


Started GET "/assets/reset.css?body=1" for 127.0.0.1 at 2012-11-04 15:19:48 -0500
Served asset /reset.css - 304 Not Modified (2ms)


Started GET "/assets/jquery.js?body=1" for 127.0.0.1 at 2012-11-04 15:19:48 -0500
Served asset /jquery.js - 304 Not Modified (2ms)


Started GET "/assets/jquery_ujs.js?body=1" for 127.0.0.1 at 2012-11-04 15:19:48 -0500
Served asset /jquery_ujs.js - 304 Not Modified (2ms)


Started GET "/assets/application.css?body=1" for 127.0.0.1 at 2012-11-04 15:19:48 -0500
Served asset /application.css - 304 Not Modified (8ms)


Started GET "/assets/jquery-ui.js?body=1" for 127.0.0.1 at 2012-11-04 15:19:48 -0500
Served asset /jquery-ui.js - 304 Not Modified (2ms)


Started GET "/assets/main.css?body=1" for 127.0.0.1 at 2012-11-04 15:19:48 -0500
Served asset /main.css - 304 Not Modified (3ms)


Started GET "/assets/jquery.details.js?body=1" for 127.0.0.1 at 2012-11-04 15:19:48 -0500
Served asset /jquery.details.js - 304 Not Modified (2ms)


Started GET "/assets/jquery.textchange.js?body=1" for 127.0.0.1 at 2012-11-04 15:19:48 -0500
Served asset /jquery.textchange.js - 304 Not Modified (1ms)


Started GET "/assets/preorder.js?body=1" for 127.0.0.1 at 2012-11-04 15:19:48 -0500
Served asset /preorder.js - 304 Not Modified (1ms)


Started GET "/assets/application.js?body=1" for 127.0.0.1 at 2012-11-04 15:19:48 -0500
Served asset /application.js - 304 Not Modified (34ms)
